[debug] [2019-01-16T15:08:45.617Z] ----------------------------------------------------------------------
[debug] [2019-01-16T15:08:45.619Z] Command:       /usr/local/bin/node /usr/local/bin/firebase deploy --only functions,hosting
[debug] [2019-01-16T15:08:45.619Z] CLI Version:   6.3.0
[debug] [2019-01-16T15:08:45.619Z] Platform:      darwin
[debug] [2019-01-16T15:08:45.619Z] Node Version:  v10.15.0
[debug] [2019-01-16T15:08:45.620Z] Time:          Wed Jan 16 2019 17:08:45 GMT+0200 (Eastern European Standard Time)
[debug] [2019-01-16T15:08:45.620Z] ----------------------------------------------------------------------
[debug] 
[debug] [2019-01-16T15:08:45.629Z] > command requires scopes: ["email","openid","https://www.googleapis.com/auth/cloudplatformprojects.readonly","https://www.googleapis.com/auth/firebase","https://www.googleapis.com/auth/cloud-platform"]
[debug] [2019-01-16T15:08:45.630Z] > authorizing via signed-in user
[debug] [2019-01-16T15:08:45.630Z] [iam] checking project bold-tv for permissions ["cloudfunctions.functions.create","cloudfunctions.functions.delete","cloudfunctions.functions.get","cloudfunctions.functions.list","cloudfunctions.functions.update","cloudfunctions.operations.get","firebase.projects.get","firebasehosting.sites.update"]
[debug] [2019-01-16T15:08:45.632Z] >>> HTTP REQUEST POST https://cloudresourcemanager.googleapis.com/v1/projects/bold-tv:testIamPermissions  

[debug] [2019-01-16T15:08:46.852Z] <<< HTTP RESPONSE 200
[debug] [2019-01-16T15:08:46.854Z] >>> HTTP REQUEST GET https://firebase.googleapis.com/v1beta1/projects/bold-tv  
 
[debug] [2019-01-16T15:08:47.404Z] <<< HTTP RESPONSE 200
[info] 
[info] === Deploying to 'bold-tv'...
[info] 
[info] i  deploying functions, hosting
[info] Running command: npm run build:ssr
[info] Running command: mv public/index.html functions/lib/server/index.html
[info] Running command: npm --prefix "$RESOURCE_DIR" run lint
[info] Running command: npm --prefix "$RESOURCE_DIR" run build
[info] ✔  functions: Finished running predeploy script.
[debug] [2019-01-16T15:09:16.512Z] > [functions] package.json contents: {
  "name": "functions",
  "scripts": {
    "lint": "tslint --project tsconfig.json",
    "build": "tsc",
    "serve": "npm run build && firebase serve --only functions",
    "shell": "npm run build && firebase functions:shell",
    "start": "npm run shell",
    "deploy": "firebase deploy --only functions",
    "logs": "firebase functions:log"
  },
  "main": "lib/index.js",
  "dependencies": {
    "@angular/animations": "^6.1.0",
    "@angular/common": "^6.1.0",
    "@angular/compiler": "^6.1.0",
    "@angular/core": "^6.1.0",
    "@angular/forms": "^6.1.0",
    "@angular/http": "^6.1.0",
    "@angular/platform-browser": "^6.1.0",
    "@angular/platform-browser-dynamic": "^6.1.0",
    "@angular/platform-server": "^6.1.0",
    "@angular/router": "^6.1.0",
    "@nguniversal/module-map-ngfactory-loader": "v7.0.2",
    "core-js": "^2.5.4",
    "rxjs": "~6.2.0",
    "zone.js": "~0.8.26",
    "angular7-universal-express-firebase": "0.0.4",
    "express": "^4.15.2",
    "firebase-admin": "^6.5.0",
    "firebase-functions": "^2.1.0",
    "reflect-metadata": "^0.1.12"
  },
  "devDependencies": {
    "tslint": "~5.8.0",
    "typescript": "~2.8.3"
  },
  "private": true
}
[info] i  functions: ensuring necessary APIs are enabled...
[debug] [2019-01-16T15:09:16.513Z] >>> HTTP REQUEST GET https://servicemanagement.googleapis.com/v1/services/cloudfunctions.googleapis.com/projectSettings/bold-tv?view=CONSUMER_VIEW  
 
[debug] [2019-01-16T15:09:16.514Z] >>> HTTP REQUEST GET https://servicemanagement.googleapis.com/v1/services/runtimeconfig.googleapis.com/projectSettings/bold-tv?view=CONSUMER_VIEW  
 
[debug] [2019-01-16T15:09:18.346Z] <<< HTTP RESPONSE 200
[debug] [2019-01-16T15:09:18.366Z] <<< HTTP RESPONSE 200
[info] ✔  functions: all necessary APIs are enabled
[debug] [2019-01-16T15:09:18.367Z] >>> HTTP REQUEST GET https://cloudresourcemanager.googleapis.com/v1/projects/bold-tv  
 
[debug] [2019-01-16T15:09:19.593Z] <<< HTTP RESPONSE 200
[debug] [2019-01-16T15:09:19.593Z] >>> HTTP REQUEST GET https://mobilesdk-pa.googleapis.com/v1/projects/764149024507:getServerAppConfig  
 
[debug] [2019-01-16T15:09:20.090Z] <<< HTTP RESPONSE 200
[debug] [2019-01-16T15:09:20.091Z] >>> HTTP REQUEST POST https://firebasehosting.googleapis.com/v1beta1/sites/bold-tv/versions  

[debug] [2019-01-16T15:09:21.754Z] <<< HTTP RESPONSE 200
[info] i  functions: preparing functions directory for uploading...
[debug] [2019-01-16T15:09:21.756Z] >>> HTTP REQUEST GET https://runtimeconfig.googleapis.com/v1beta1/projects/bold-tv/configs  
 
[debug] [2019-01-16T15:09:23.281Z] <<< HTTP RESPONSE 200
[info] i  functions: packaged functions (48.97 KB) for uploading
[debug] [2019-01-16T15:09:23.797Z] >>> HTTP REQUEST POST https://cloudfunctions.googleapis.com/v1/projects/bold-tv/locations/us-central1/functions:generateUploadUrl  
 
[debug] [2019-01-16T15:09:24.453Z] <<< HTTP RESPONSE 200
[debug] [2019-01-16T15:09:24.455Z] >>> HTTP REQUEST PUT https://storage.googleapis.com/gcf-upload-us-central1-79e25c7d-0ad0-44b0-80e4-d5d0d34df1cc/e2789f29-c855-4866-84fb-f79262846ef5.zip?GoogleAccessId=service-764149024507@gcf-admin-robot.iam.gserviceaccount.com&Expires=1547653164&Signature=E5o5Jy21EEZWmJlm%2BrJfucEoBXGlhEYJoj1HIHzOgFevsLRQpwJA7mzDCt9c0Pv6rnacspGXTn%2BRYXntEpTY%2FZSjTZrrYoPsFZMHo%2BQg2FboKYeRgK6SlQvHlHfDB%2BmTxnjlI%2BKHj4Ws%2B3z50QjL%2BBe%2FZDnBby%2B8n%2Bu7akrita3L8EfHb3Lm3%2B79NhgbzlQEjJyINuvNH6a%2B%2F4rvTxCHDePJ5oUzlSUwZ%2FUT%2FX%2BxcPQ1Tl0YYE%2FdyqvAksn5B%2BIMCGB3xrXcCGUrArds30VXUNm5JI0C8rtk61y56bxUZvlUvC786CiNKE8rB41zRBLVWG5HxTtYveqp%2Fjc%2BW7qYdw%3D%3D  

[debug] [2019-01-16T15:09:26.200Z] <<< HTTP RESPONSE 200
[info] ✔  functions: functions folder uploaded successfully
[info] i  hosting[bold-tv]: beginning deploy...
[info] i  hosting[bold-tv]: found 7 files in public
[debug] [2019-01-16T15:09:26.209Z] [hosting] hash cache [cHVibGlj] load error: lines is not defined
[debug] [2019-01-16T15:09:26.244Z] [hosting] hash cache [cHVibGlj] stored for 7 files
[debug] [2019-01-16T15:09:26.244Z] [hosting][hash queue][FINAL]
[debug] [2019-01-16T15:09:26.245Z] >>> HTTP REQUEST POST https://firebasehosting.googleapis.com/v1beta1/sites/bold-tv/versions/3c489e9305338a88:populateFiles  
 <request body omitted>
[debug] [2019-01-16T15:09:27.889Z] <<< HTTP RESPONSE 200
[debug] [2019-01-16T15:09:27.889Z] [hosting][populate queue][FINAL]
[debug] [2019-01-16T15:09:27.889Z] [hosting] uploads queued: 0
[debug] [2019-01-16T15:09:27.890Z] [hosting][upload queue][FINAL]
[info] ✔  hosting[bold-tv]: file upload complete
[debug] [2019-01-16T15:09:27.890Z] [hosting] deploy completed after 1689ms
[debug] [2019-01-16T15:09:27.891Z] >>> HTTP REQUEST GET https://cloudfunctions.googleapis.com/v1/projects/bold-tv/locations/-/functions  
 
[debug] [2019-01-16T15:09:28.811Z] <<< HTTP RESPONSE 200
[info] i  functions: creating Node.js 6 function server(us-central1)...
[debug] [2019-01-16T15:09:28.814Z] Trigger is:  {"httpsTrigger":{}}
[info] 
The following functions are found in your project but do not exist in your local source code:
	server3(us-central1)

If you are renaming a function or changing its region, it is recommended that you create the new function first before deleting the old one to prevent event loss. For more info, visit https://firebase.google.com/docs/functions/manage-functions#modify

[info] i  functions: deleting function server3(us-central1)...
[debug] [2019-01-16T15:09:34.044Z] >>> HTTP REQUEST POST https://cloudfunctions.googleapis.com/v1/projects/bold-tv/locations/us-central1/functions  

[debug] [2019-01-16T15:09:34.045Z] >>> HTTP REQUEST DELETE https://cloudfunctions.googleapis.com/v1/projects/bold-tv/locations/us-central1/functions/server3  
 
[debug] [2019-01-16T15:09:34.954Z] <<< HTTP RESPONSE 200
[debug] [2019-01-16T15:09:34.955Z] <<< HTTP RESPONSE 200
[debug] [2019-01-16T15:09:34.956Z] >>> HTTP REQUEST GET https://cloudfunctions.googleapis.com/v1/projects/bold-tv/locations/-/functions  
 
[debug] [2019-01-16T15:09:35.876Z] <<< HTTP RESPONSE 200
[debug] [2019-01-16T15:09:35.877Z] >>> HTTP REQUEST GET https://cloudfunctions.googleapis.com/v1/operations/Ym9sZC10di91cy1jZW50cmFsMS9zZXJ2ZXIvTUQ2eDNQc2hnekk  
 
[debug] [2019-01-16T15:09:35.877Z] >>> HTTP REQUEST GET https://cloudfunctions.googleapis.com/v1/operations/Ym9sZC10di91cy1jZW50cmFsMS9zZXJ2ZXIzL0hRcW5ZWDhEWGpv  
 
[debug] [2019-01-16T15:09:36.334Z] <<< HTTP RESPONSE 200
[debug] [2019-01-16T15:09:36.335Z] <<< HTTP RESPONSE 200
[debug] [2019-01-16T15:09:38.339Z] >>> HTTP REQUEST GET https://cloudfunctions.googleapis.com/v1/operations/Ym9sZC10di91cy1jZW50cmFsMS9zZXJ2ZXIvTUQ2eDNQc2hnekk  
 
[debug] [2019-01-16T15:09:38.340Z] >>> HTTP REQUEST GET https://cloudfunctions.googleapis.com/v1/operations/Ym9sZC10di91cy1jZW50cmFsMS9zZXJ2ZXIzL0hRcW5ZWDhEWGpv  
 
[debug] [2019-01-16T15:09:38.744Z] <<< HTTP RESPONSE 200
[debug] [2019-01-16T15:09:38.803Z] <<< HTTP RESPONSE 200
[debug] [2019-01-16T15:09:40.746Z] >>> HTTP REQUEST GET https://cloudfunctions.googleapis.com/v1/operations/Ym9sZC10di91cy1jZW50cmFsMS9zZXJ2ZXIvTUQ2eDNQc2hnekk  
 
[debug] [2019-01-16T15:09:40.806Z] >>> HTTP REQUEST GET https://cloudfunctions.googleapis.com/v1/operations/Ym9sZC10di91cy1jZW50cmFsMS9zZXJ2ZXIzL0hRcW5ZWDhEWGpv  
 
[debug] [2019-01-16T15:09:41.168Z] <<< HTTP RESPONSE 200
[debug] [2019-01-16T15:09:41.219Z] <<< HTTP RESPONSE 200
[info] ✔  functions[server3(us-central1)]: Successful delete operation. 
[debug] [2019-01-16T15:09:43.173Z] >>> HTTP REQUEST GET https://cloudfunctions.googleapis.com/v1/operations/Ym9sZC10di91cy1jZW50cmFsMS9zZXJ2ZXIvTUQ2eDNQc2hnekk  
 
[debug] [2019-01-16T15:09:43.607Z] <<< HTTP RESPONSE 200
[debug] [2019-01-16T15:09:45.611Z] >>> HTTP REQUEST GET https://cloudfunctions.googleapis.com/v1/operations/Ym9sZC10di91cy1jZW50cmFsMS9zZXJ2ZXIvTUQ2eDNQc2hnekk  
 
[debug] [2019-01-16T15:09:46.073Z] <<< HTTP RESPONSE 200
[debug] [2019-01-16T15:09:48.077Z] >>> HTTP REQUEST GET https://cloudfunctions.googleapis.com/v1/operations/Ym9sZC10di91cy1jZW50cmFsMS9zZXJ2ZXIvTUQ2eDNQc2hnekk  
 
[debug] [2019-01-16T15:09:48.554Z] <<< HTTP RESPONSE 200
[debug] [2019-01-16T15:09:50.557Z] >>> HTTP REQUEST GET https://cloudfunctions.googleapis.com/v1/operations/Ym9sZC10di91cy1jZW50cmFsMS9zZXJ2ZXIvTUQ2eDNQc2hnekk  
 
[debug] [2019-01-16T15:09:51.019Z] <<< HTTP RESPONSE 200
[debug] [2019-01-16T15:09:53.023Z] >>> HTTP REQUEST GET https://cloudfunctions.googleapis.com/v1/operations/Ym9sZC10di91cy1jZW50cmFsMS9zZXJ2ZXIvTUQ2eDNQc2hnekk  
 
[debug] [2019-01-16T15:09:53.476Z] <<< HTTP RESPONSE 200
[debug] [2019-01-16T15:09:55.479Z] >>> HTTP REQUEST GET https://cloudfunctions.googleapis.com/v1/operations/Ym9sZC10di91cy1jZW50cmFsMS9zZXJ2ZXIvTUQ2eDNQc2hnekk  
 
[debug] [2019-01-16T15:09:56.370Z] <<< HTTP RESPONSE 200
[debug] [2019-01-16T15:09:58.374Z] >>> HTTP REQUEST GET https://cloudfunctions.googleapis.com/v1/operations/Ym9sZC10di91cy1jZW50cmFsMS9zZXJ2ZXIvTUQ2eDNQc2hnekk  
 
[debug] [2019-01-16T15:09:58.832Z] <<< HTTP RESPONSE 200
[debug] [2019-01-16T15:10:00.835Z] >>> HTTP REQUEST GET https://cloudfunctions.googleapis.com/v1/operations/Ym9sZC10di91cy1jZW50cmFsMS9zZXJ2ZXIvTUQ2eDNQc2hnekk  
 
[debug] [2019-01-16T15:10:01.260Z] <<< HTTP RESPONSE 200
[debug] [2019-01-16T15:10:03.265Z] >>> HTTP REQUEST GET https://cloudfunctions.googleapis.com/v1/operations/Ym9sZC10di91cy1jZW50cmFsMS9zZXJ2ZXIvTUQ2eDNQc2hnekk  
 
[debug] [2019-01-16T15:10:03.688Z] <<< HTTP RESPONSE 200
[debug] [2019-01-16T15:10:05.691Z] >>> HTTP REQUEST GET https://cloudfunctions.googleapis.com/v1/operations/Ym9sZC10di91cy1jZW50cmFsMS9zZXJ2ZXIvTUQ2eDNQc2hnekk  
 
[debug] [2019-01-16T15:10:06.114Z] <<< HTTP RESPONSE 200
